<?xml version="1.0" encoding="UTF-8"?>
<testng-results skipped="0" failed="0" total="1" passed="1">
  <reporter-output>
  </reporter-output>
  <suite name="Suite" duration-ms="16384" started-at="2020-04-08T15:10:09Z" finished-at="2020-04-08T15:10:26Z">
    <groups>
    </groups>
    <test name="Test" duration-ms="16384" started-at="2020-04-08T15:10:09Z" finished-at="2020-04-08T15:10:26Z">
      <class name="test.WalletHubSignUpTest">
        <test-method status="PASS" signature="setUpTest()[pri:0, instance:test.WalletHubSignUpTest@2f686d1f]" name="setUpTest" is-config="true" duration-ms="6774" started-at="2020-04-08T20:40:09Z" finished-at="2020-04-08T20:40:16Z">
          <reporter-output>
          </reporter-output>
        </test-method> <!-- setUpTest -->
        <test-method status="PASS" signature="register()[pri:0, instance:test.WalletHubSignUpTest@2f686d1f]" name="register" duration-ms="9595" started-at="2020-04-08T20:40:16Z" finished-at="2020-04-08T20:40:26Z">
          <reporter-output>
          </reporter-output>
        </test-method> <!-- register -->
        <test-method status="PASS" signature="tearDownTest()[pri:0, instance:test.WalletHubSignUpTest@2f686d1f]" name="tearDownTest" is-config="true" duration-ms="0" started-at="2020-04-08T20:40:26Z" finished-at="2020-04-08T20:40:26Z">
          <reporter-output>
          </reporter-output>
        </test-method> <!-- tearDownTest -->
      </class> <!-- test.WalletHubSignUpTest -->
    </test> <!-- Test -->
  </suite> <!-- Suite -->
</testng-results>
